Arguments: 
  C:\Program Files\nodejs\node.exe C:\Program Files (x86)\Yarn\bin\yarn.js add express

PATH: 
  C:\Program Files (x86)\Intel\iCLS Client\;C:\Program Files\Intel\iCLS Client\;C:\Windows\system32;C:\Windows;C:\Windows\System32\Wbem;C:\Windows\System32\WindowsPowerShell\v1.0\;C:\Windows\System32\OpenSSH\;C:\Program Files (x86)\Intel\Intel(R) Management Engine Components\DAL;C:\Program Files\Intel\Intel(R) Management Engine Components\DAL;C:\Program Files (x86)\Intel\Intel(R) Management Engine Components\IPT;C:\Program Files\Intel\Intel(R) Management Engine Components\IPT;C:\Program Files (x86)\NVIDIA Corporation\PhysX\Common;C:\Program Files\Git\cmd;C:\Program Files\Git\mingw64\bin;C:\Program Files\Git\usr\bin;C:\Program Files\nodejs\;C:\Program Files\java\jdk-11.0.2\bin;C:\xampp\php;C:\composer;C:\Program Files\MATLAB\R2018a\runtime\win64;C:\Program Files\MATLAB\R2018a\bin;C:\Program Files\MongoDB;C:\ProgramData\chocolatey\bin;C:\Program Files (x86)\Yarn\bin\;C:\WINDOWS\system32;C:\WINDOWS;C:\WINDOWS\System32\Wbem;C:\WINDOWS\System32\WindowsPowerShell\v1.0\;C:\WINDOWS\System32\OpenSSH\;C:\Program Files\PuTTY\;C:\PHP7;C:\Users\new\AppData\Local\Programs\Python\Python37-32\Scripts\;C:\Users\new\AppData\Local\Programs\Python\Python37-32\;"C:\Users\new\AppData\Local\Microsoft\WindowsApps;C:\MinGW\bin;";C:\Users\new\AppData\Local\Programs\Microsoft VS Code\bin;C:\Users\new\AppData\Roaming\npm;C:\Program Files\heroku\bin;C:\Program Files (x86)\heroku\bin;C:\Users\new\AppData\Roaming\Composer\vendor\bin;C:\Program Files\MongoDB;C:\Program Files\MongoDB\Server\4.2\bin;;C:\Program Files\JetBrains\PyCharm Community Edition 2019.2.3\bin;;C:\Users\new\AppData\Local\Yarn\bin;C:\Users\new\AppData\Local\Microsoft\WindowsApps

Yarn version: 
  1.19.1

Node version: 
  10.14.2

Platform: 
  win32 x64

Trace: 
  Error: connect ENETUNREACH 104.16.27.35:443
      at TCPConnectWrap.afterConnect [as oncomplete] (net.js:1117:14)

npm manifest: 
  {
    "name": "rest",
    "version": "1.0.0",
    "description": "",
    "main": "server.js",
    "scripts": {
      "test": "echo \"Error: no test specified\" && exit 1"
    },
    "keywords": [
      "Rest",
      "API"
    ],
    "author": "",
    "license": "ISC"
  }

yarn manifest: 
  No manifest

Lockfile: 
  No lockfile
